[debug] [2021-07-20T16:09:01.719Z] ----------------------------------------------------------------------
[debug] [2021-07-20T16:09:01.721Z] Command:       D:\Documents\Programming\nodejs\node.exe C:\Users\sunda\AppData\Roaming\npm\node_modules\firebase-tools\lib\bin\firebase.js deploy --only functions
[debug] [2021-07-20T16:09:01.722Z] CLI Version:   9.16.0
[debug] [2021-07-20T16:09:01.722Z] Platform:      win32
[debug] [2021-07-20T16:09:01.722Z] Node Version:  v14.17.0
[debug] [2021-07-20T16:09:01.723Z] Time:          Wed Jul 21 2021 00:09:01 GMT+0800 (Singapore Standard Time)
[debug] [2021-07-20T16:09:01.723Z] ----------------------------------------------------------------------
[debug] 
[debug] [2021-07-20T16:09:01.839Z] > command requires scopes: ["email","openid","https://www.googleapis.com/auth/cloudplatformprojects.readonly","https://www.googleapis.com/auth/firebase","https://www.googleapis.com/auth/cloud-platform"]
[debug] [2021-07-20T16:09:01.839Z] > authorizing via signed-in user (vishnu.sundaresan@gmail.com)
[debug] [2021-07-20T16:09:01.839Z] [iam] checking project gobble-b3dfa for permissions ["cloudfunctions.functions.create","cloudfunctions.functions.delete","cloudfunctions.functions.get","cloudfunctions.functions.list","cloudfunctions.functions.update","cloudfunctions.operations.get","firebase.projects.get"]
[debug] [2021-07-20T16:09:01.842Z] > refreshing access token with scopes: ["email","https://www.googleapis.com/auth/cloud-platform","https://www.googleapis.com/auth/cloudplatformprojects.readonly","https://www.googleapis.com/auth/firebase","openid"]
[debug] [2021-07-20T16:09:01.842Z] >>> HTTP REQUEST POST https://www.googleapis.com/oauth2/v3/token  
 <request body omitted>
[debug] [2021-07-20T16:09:01.920Z] <<< HTTP RESPONSE 200 {"pragma":"no-cache","cache-control":"no-cache, no-store, max-age=0, must-revalidate","date":"Tue, 20 Jul 2021 16:09:01 GMT","expires":"Mon, 01 Jan 1990 00:00:00 GMT","content-type":"application/json; charset=utf-8","vary":"X-Origin, Referer, Origin,Accept-Encoding","server":"scaffolding on HTTPServer2","x-xss-protection":"0","x-frame-options":"SAMEORIGIN","x-content-type-options":"nosniff","alt-svc":"h3=\":443\"; ma=2592000,h3-29=\":443\"; ma=2592000,h3-T051=\":443\"; ma=2592000,h3-Q050=\":443\"; ma=2592000,h3-Q046=\":443\"; ma=2592000,h3-Q043=\":443\"; ma=2592000,quic=\":443\"; ma=2592000; v=\"46,43\"","accept-ranges":"none","transfer-encoding":"chunked"}
[debug] [2021-07-20T16:09:01.980Z] >>> HTTP REQUEST POST https://cloudresourcemanager.googleapis.com/v1/projects/gobble-b3dfa:testIamPermissions  
 {"permissions":["cloudfunctions.functions.create","cloudfunctions.functions.delete","cloudfunctions.functions.get","cloudfunctions.functions.list","cloudfunctions.functions.update","cloudfunctions.operations.get","firebase.projects.get"]}
[debug] [2021-07-20T16:09:02.966Z] <<< HTTP RESPONSE 200 {"content-type":"application/json; charset=UTF-8","vary":"X-Origin, Referer, Origin,Accept-Encoding","date":"Tue, 20 Jul 2021 16:09:02 GMT","server":"ESF","cache-control":"private","x-xss-protection":"0","x-frame-options":"SAMEORIGIN","x-content-type-options":"nosniff","server-timing":"gfet4t7; dur=946","alt-svc":"h3=\":443\"; ma=2592000,h3-29=\":443\"; ma=2592000,h3-T051=\":443\"; ma=2592000,h3-Q050=\":443\"; ma=2592000,h3-Q046=\":443\"; ma=2592000,h3-Q043=\":443\"; ma=2592000,quic=\":443\"; ma=2592000; v=\"46,43\"","accept-ranges":"none","transfer-encoding":"chunked"}
[debug] [2021-07-20T16:09:02.970Z] >>> HTTP REQUEST POST https://iam.googleapis.com/v1/projects/gobble-b3dfa/serviceAccounts/gobble-b3dfa@appspot.gserviceaccount.com:testIamPermissions  
 {"permissions":["iam.serviceAccounts.actAs"]}
[debug] [2021-07-20T16:09:04.014Z] <<< HTTP RESPONSE 200 {"content-type":"application/json; charset=UTF-8","vary":"X-Origin, Referer, Origin,Accept-Encoding","date":"Tue, 20 Jul 2021 16:09:03 GMT","server":"ESF","cache-control":"private","x-xss-protection":"0","x-frame-options":"SAMEORIGIN","x-content-type-options":"nosniff","alt-svc":"h3=\":443\"; ma=2592000,h3-29=\":443\"; ma=2592000,h3-T051=\":443\"; ma=2592000,h3-Q050=\":443\"; ma=2592000,h3-Q046=\":443\"; ma=2592000,h3-Q043=\":443\"; ma=2592000,quic=\":443\"; ma=2592000; v=\"46,43\"","accept-ranges":"none","transfer-encoding":"chunked"}
[info] 
[info] === Deploying to 'gobble-b3dfa'...
[info] 
[info] i  deploying functions 
[debug] [2021-07-20T16:09:04.023Z] Validating nodejs source
[debug] [2021-07-20T16:09:09.371Z] > [functions] package.json contents: {
  "name": "functions",
  "description": "Cloud Functions for Firebase",
  "scripts": {
    "serve": "firebase emulators:start --only functions",
    "shell": "firebase functions:shell",
    "start": "npm run shell",
    "deploy": "firebase deploy --only functions",
    "logs": "firebase functions:log"
  },
  "engines": {
    "node": "14"
  },
  "main": "index.js",
  "dependencies": {
    "cors": "^2.8.5",
    "dotenv": "^10.0.0",
    "firebase": "^8.7.1",
    "firebase-admin": "^9.8.0",
    "firebase-functions": "^3.14.1"
  },
  "devDependencies": {
    "firebase-functions-test": "^0.2.0"
  },
  "private": true
}
[debug] [2021-07-20T16:09:09.371Z] Building nodejs source
[info] i  functions: ensuring required API cloudfunctions.googleapis.com is enabled... 
[info] i  functions: ensuring required API cloudbuild.googleapis.com is enabled... 
[debug] [2021-07-20T16:09:09.375Z] >>> HTTP REQUEST GET https://serviceusage.googleapis.com/v1/projects/gobble-b3dfa/services/cloudfunctions.googleapis.com  
 
[debug] [2021-07-20T16:09:09.377Z] >>> HTTP REQUEST GET https://serviceusage.googleapis.com/v1/projects/gobble-b3dfa/services/runtimeconfig.googleapis.com  
 
[debug] [2021-07-20T16:09:09.377Z] >>> HTTP REQUEST GET https://serviceusage.googleapis.com/v1/projects/gobble-b3dfa/services/cloudbuild.googleapis.com  
 
[debug] [2021-07-20T16:09:10.758Z] <<< HTTP RESPONSE 200 {"content-type":"application/json; charset=UTF-8","vary":"X-Origin, Referer, Origin,Accept-Encoding","date":"Tue, 20 Jul 2021 16:09:09 GMT","server":"ESF","cache-control":"private","x-xss-protection":"0","x-frame-options":"SAMEORIGIN","x-content-type-options":"nosniff","alt-svc":"h3=\":443\"; ma=2592000,h3-29=\":443\"; ma=2592000,h3-T051=\":443\"; ma=2592000,h3-Q050=\":443\"; ma=2592000,h3-Q046=\":443\"; ma=2592000,h3-Q043=\":443\"; ma=2592000,quic=\":443\"; ma=2592000; v=\"46,43\"","accept-ranges":"none","transfer-encoding":"chunked"}
[debug] [2021-07-20T16:09:10.766Z] <<< HTTP RESPONSE 200 {"content-type":"application/json; charset=UTF-8","vary":"X-Origin, Referer, Origin,Accept-Encoding","date":"Tue, 20 Jul 2021 16:09:09 GMT","server":"ESF","cache-control":"private","x-xss-protection":"0","x-frame-options":"SAMEORIGIN","x-content-type-options":"nosniff","alt-svc":"h3=\":443\"; ma=2592000,h3-29=\":443\"; ma=2592000,h3-T051=\":443\"; ma=2592000,h3-Q050=\":443\"; ma=2592000,h3-Q046=\":443\"; ma=2592000,h3-Q043=\":443\"; ma=2592000,quic=\":443\"; ma=2592000; v=\"46,43\"","accept-ranges":"none","transfer-encoding":"chunked"}
[info] +  functions: required API cloudbuild.googleapis.com is enabled 
[debug] [2021-07-20T16:09:10.777Z] <<< HTTP RESPONSE 200 {"content-type":"application/json; charset=UTF-8","vary":"X-Origin, Referer, Origin,Accept-Encoding","date":"Tue, 20 Jul 2021 16:09:09 GMT","server":"ESF","cache-control":"private","x-xss-protection":"0","x-frame-options":"SAMEORIGIN","x-content-type-options":"nosniff","alt-svc":"h3=\":443\"; ma=2592000,h3-29=\":443\"; ma=2592000,h3-T051=\":443\"; ma=2592000,h3-Q050=\":443\"; ma=2592000,h3-Q046=\":443\"; ma=2592000,h3-Q043=\":443\"; ma=2592000,quic=\":443\"; ma=2592000; v=\"46,43\"","accept-ranges":"none","transfer-encoding":"chunked"}
[info] +  functions: required API cloudfunctions.googleapis.com is enabled 
[debug] [2021-07-20T16:09:10.781Z] >>> HTTP REQUEST GET https://firebase.googleapis.com/v1beta1/projects/gobble-b3dfa/adminSdkConfig  
 
[debug] [2021-07-20T16:09:11.197Z] <<< HTTP RESPONSE 200 {"content-type":"application/json; charset=UTF-8","vary":"X-Origin, Referer, Origin,Accept-Encoding","date":"Tue, 20 Jul 2021 16:09:10 GMT","server":"ESF","cache-control":"private","x-xss-protection":"0","x-frame-options":"SAMEORIGIN","x-content-type-options":"nosniff","alt-svc":"h3=\":443\"; ma=2592000,h3-29=\":443\"; ma=2592000,h3-T051=\":443\"; ma=2592000,h3-Q050=\":443\"; ma=2592000,h3-Q046=\":443\"; ma=2592000,h3-Q043=\":443\"; ma=2592000,quic=\":443\"; ma=2592000; v=\"46,43\"","accept-ranges":"none","transfer-encoding":"chunked"}
[debug] [2021-07-20T16:09:11.199Z] >>> HTTP REQUEST GET https://runtimeconfig.googleapis.com/v1beta1/projects/gobble-b3dfa/configs  
 
[debug] [2021-07-20T16:09:11.509Z] <<< HTTP RESPONSE 200 {"content-type":"application/json; charset=UTF-8","vary":"X-Origin, Referer, Origin,Accept-Encoding","date":"Tue, 20 Jul 2021 16:09:10 GMT","server":"ESF","cache-control":"private","x-xss-protection":"0","x-frame-options":"SAMEORIGIN","x-content-type-options":"nosniff","alt-svc":"h3=\":443\"; ma=2592000,h3-29=\":443\"; ma=2592000,h3-T051=\":443\"; ma=2592000,h3-Q050=\":443\"; ma=2592000,h3-Q046=\":443\"; ma=2592000,h3-Q043=\":443\"; ma=2592000,quic=\":443\"; ma=2592000; v=\"46,43\"","accept-ranges":"none","transfer-encoding":"chunked"}
[debug] [2021-07-20T16:09:11.511Z] >>> HTTP REQUEST GET https://runtimeconfig.googleapis.com/v1beta1/projects/gobble-b3dfa/configs/app/variables  
 
[debug] [2021-07-20T16:09:11.782Z] <<< HTTP RESPONSE 200 {"content-type":"application/json; charset=UTF-8","vary":"X-Origin, Referer, Origin,Accept-Encoding","date":"Tue, 20 Jul 2021 16:09:10 GMT","server":"ESF","cache-control":"private","x-xss-protection":"0","x-frame-options":"SAMEORIGIN","x-content-type-options":"nosniff","alt-svc":"h3=\":443\"; ma=2592000,h3-29=\":443\"; ma=2592000,h3-T051=\":443\"; ma=2592000,h3-Q050=\":443\"; ma=2592000,h3-Q046=\":443\"; ma=2592000,h3-Q043=\":443\"; ma=2592000,quic=\":443\"; ma=2592000; v=\"46,43\"","accept-ranges":"none","transfer-encoding":"chunked"}
[debug] [2021-07-20T16:09:11.784Z] >>> HTTP REQUEST GET https://runtimeconfig.googleapis.com/v1beta1/projects/gobble-b3dfa/configs/app/variables/service_path  
 
[debug] [2021-07-20T16:09:11.784Z] >>> HTTP REQUEST GET https://runtimeconfig.googleapis.com/v1beta1/projects/gobble-b3dfa/configs/app/variables/expo_access_token  
 
[debug] [2021-07-20T16:09:12.079Z] <<< HTTP RESPONSE 200 {"content-type":"application/json; charset=UTF-8","vary":"X-Origin, Referer, Origin,Accept-Encoding","date":"Tue, 20 Jul 2021 16:09:11 GMT","server":"ESF","cache-control":"private","x-xss-protection":"0","x-frame-options":"SAMEORIGIN","x-content-type-options":"nosniff","alt-svc":"h3=\":443\"; ma=2592000,h3-29=\":443\"; ma=2592000,h3-T051=\":443\"; ma=2592000,h3-Q050=\":443\"; ma=2592000,h3-Q046=\":443\"; ma=2592000,h3-Q043=\":443\"; ma=2592000,quic=\":443\"; ma=2592000; v=\"46,43\"","accept-ranges":"none","transfer-encoding":"chunked"}
[debug] [2021-07-20T16:09:12.082Z] <<< HTTP RESPONSE 200 {"content-type":"application/json; charset=UTF-8","vary":"X-Origin, Referer, Origin,Accept-Encoding","date":"Tue, 20 Jul 2021 16:09:11 GMT","server":"ESF","cache-control":"private","x-xss-protection":"0","x-frame-options":"SAMEORIGIN","x-content-type-options":"nosniff","alt-svc":"h3=\":443\"; ma=2592000,h3-29=\":443\"; ma=2592000,h3-T051=\":443\"; ma=2592000,h3-Q050=\":443\"; ma=2592000,h3-Q046=\":443\"; ma=2592000,h3-Q043=\":443\"; ma=2592000,quic=\":443\"; ma=2592000; v=\"46,43\"","accept-ranges":"none","transfer-encoding":"chunked"}
[debug] [2021-07-20T16:09:12.084Z] Analyzing nodejs backend spec
[info] i  functions: preparing functions directory for uploading... 
[info] i  functions: packaged functions (47.27 KB) for uploading 
[info] i  pubsub: ensuring required API pubsub.googleapis.com is enabled... 
[info] i  scheduler: ensuring required API cloudscheduler.googleapis.com is enabled... 
[debug] [2021-07-20T16:09:13.195Z] >>> HTTP REQUEST GET https://serviceusage.googleapis.com/v1/projects/gobble-b3dfa/services/pubsub.googleapis.com  
 
[debug] [2021-07-20T16:09:13.195Z] >>> HTTP REQUEST GET https://serviceusage.googleapis.com/v1/projects/gobble-b3dfa/services/cloudscheduler.googleapis.com  
 
[debug] [2021-07-20T16:09:13.197Z] >>> HTTP REQUEST GET https://cloudfunctions.googleapis.com/v1/projects/gobble-b3dfa/locations/-/functions  
 
[debug] [2021-07-20T16:09:13.723Z] <<< HTTP RESPONSE 200 {"content-type":"application/json; charset=UTF-8","vary":"X-Origin, Referer, Origin,Accept-Encoding","date":"Tue, 20 Jul 2021 16:09:12 GMT","server":"ESF","cache-control":"private","x-xss-protection":"0","x-frame-options":"SAMEORIGIN","x-content-type-options":"nosniff","alt-svc":"h3=\":443\"; ma=2592000,h3-29=\":443\"; ma=2592000,h3-T051=\":443\"; ma=2592000,h3-Q050=\":443\"; ma=2592000,h3-Q046=\":443\"; ma=2592000,h3-Q043=\":443\"; ma=2592000,quic=\":443\"; ma=2592000; v=\"46,43\"","accept-ranges":"none","transfer-encoding":"chunked"}
[debug] [2021-07-20T16:09:13.732Z] >>> HTTP REQUEST POST https://cloudfunctions.googleapis.com/v1/projects/gobble-b3dfa/locations/us-central1/functions:generateUploadUrl  
 
[debug] [2021-07-20T16:09:14.333Z] <<< HTTP RESPONSE 200 {"content-type":"application/json; charset=UTF-8","vary":"X-Origin, Referer, Origin,Accept-Encoding","date":"Tue, 20 Jul 2021 16:09:13 GMT","server":"ESF","cache-control":"private","x-xss-protection":"0","x-frame-options":"SAMEORIGIN","x-content-type-options":"nosniff","alt-svc":"h3=\":443\"; ma=2592000,h3-29=\":443\"; ma=2592000,h3-T051=\":443\"; ma=2592000,h3-Q050=\":443\"; ma=2592000,h3-Q046=\":443\"; ma=2592000,h3-Q043=\":443\"; ma=2592000,quic=\":443\"; ma=2592000; v=\"46,43\"","accept-ranges":"none","transfer-encoding":"chunked"}
[debug] [2021-07-20T16:09:14.338Z] >>> HTTP REQUEST PUT https://storage.googleapis.com/gcf-upload-us-central1-fafe9c6b-c754-4340-88a2-4e3bdd5ba246/2066b3e7-eabe-4244-af4f-617877758cf6.zip?GoogleAccessId=service-816051198473@gcf-admin-robot.iam.gserviceaccount.com&Expires=1626799153&Signature=HKhInnRUvQEuAliHNUFNOJzTTcN3Vj03wCzxHD2nZogIUAVMUXImMi3LfXoHjsp35szK72HvahTs5jN8wWcanlDoFMpN7YOoE49%2Bhh0zSvSDyvg8XNy7GnyTbAQgNBryuI4MRWPuh9bshNaocjxveUlTznzySufcDSdnB0mVejpF8vDuA2pjBLHKec5dxy34pvN4QHU8Nsu8FjYdyYG8OQZyh%2B0e%2BFaHKVs72pv1%2B08NLSdajl91xdUHLD%2Bil7i9rsZSGBHZd0MGNatYow8SpLnF7623eofi1ic205qYiyuNuQQkTAOgyiI5FH4r5YTa9WSzeQj%2Fakr9QiJ628ViOA%3D%3D  
 <request body omitted>
[debug] [2021-07-20T16:09:14.541Z] <<< HTTP RESPONSE 200 {"content-type":"application/json; charset=UTF-8","vary":"X-Origin, Referer, Origin,Accept-Encoding","date":"Tue, 20 Jul 2021 16:09:13 GMT","server":"ESF","cache-control":"private","x-xss-protection":"0","x-frame-options":"SAMEORIGIN","x-content-type-options":"nosniff","alt-svc":"h3=\":443\"; ma=2592000,h3-29=\":443\"; ma=2592000,h3-T051=\":443\"; ma=2592000,h3-Q050=\":443\"; ma=2592000,h3-Q046=\":443\"; ma=2592000,h3-Q043=\":443\"; ma=2592000,quic=\":443\"; ma=2592000; v=\"46,43\"","accept-ranges":"none","transfer-encoding":"chunked"}
[info] +  scheduler: required API cloudscheduler.googleapis.com is enabled 
[debug] [2021-07-20T16:09:14.547Z] <<< HTTP RESPONSE 200 {"content-type":"application/json; charset=UTF-8","vary":"X-Origin, Referer, Origin,Accept-Encoding","date":"Tue, 20 Jul 2021 16:09:13 GMT","server":"ESF","cache-control":"private","x-xss-protection":"0","x-frame-options":"SAMEORIGIN","x-content-type-options":"nosniff","alt-svc":"h3=\":443\"; ma=2592000,h3-29=\":443\"; ma=2592000,h3-T051=\":443\"; ma=2592000,h3-Q050=\":443\"; ma=2592000,h3-Q046=\":443\"; ma=2592000,h3-Q043=\":443\"; ma=2592000,quic=\":443\"; ma=2592000; v=\"46,43\"","accept-ranges":"none","transfer-encoding":"chunked"}
[info] +  pubsub: required API pubsub.googleapis.com is enabled 
[debug] [2021-07-20T16:09:14.730Z] <<< HTTP RESPONSE 200 {"x-guploader-uploadid":"ADPycdtSmmUHUy15uoSqRWC-68f2Gg7GxvEpuM7GL4KSQI141INeafkFrkl-__W_JUcqe6ufAFPI3uJGHxSabSqxscwuJRKB3A","etag":"\"ec292bb569bfc5daf9d7494899b15e9b\"","x-goog-generation":"1626797353932184","x-goog-metageneration":"1","x-goog-hash":"crc32c=bhQ4eQ==, md5=7CkrtWm/xdr510lImbFemw==","x-goog-stored-content-length":"48406","x-goog-stored-content-encoding":"identity","vary":"Origin","content-length":"0","date":"Tue, 20 Jul 2021 16:09:14 GMT","server":"UploadServer","content-type":"text/html; charset=UTF-8","alt-svc":"h3=\":443\"; ma=2592000,h3-29=\":443\"; ma=2592000,h3-T051=\":443\"; ma=2592000,h3-Q050=\":443\"; ma=2592000,h3-Q046=\":443\"; ma=2592000,h3-Q043=\":443\"; ma=2592000,quic=\":443\"; ma=2592000; v=\"46,43\""}
[info] +  functions: functions folder uploaded successfully 
[info] i  functions: updating Node.js 14 function deleteUser(us-central1)... 
[debug] [2021-07-20T16:09:14.749Z] >>> HTTP REQUEST GET https://cloudscheduler.googleapis.com/v1beta1/projects/gobble-b3dfa/locations/asia-south1/jobs/firebase-schedule-scheduleAwaitingCleanUpFunction-us-central1  
 
[debug] [2021-07-20T16:09:14.750Z] >>> HTTP REQUEST GET https://cloudscheduler.googleapis.com/v1beta1/projects/gobble-b3dfa/locations/asia-south1/jobs/firebase-schedule-schedulePendingCleanUpFunction-us-central1  
 
[debug] [2021-07-20T16:09:14.751Z] >>> HTTP REQUEST GET https://cloudscheduler.googleapis.com/v1beta1/projects/gobble-b3dfa/locations/asia-south1/jobs/firebase-schedule-periodicMatchFindingFunction-us-central1  
 
[debug] [2021-07-20T16:09:14.752Z] >>> HTTP REQUEST GET https://cloudscheduler.googleapis.com/v1beta1/projects/gobble-b3dfa/locations/asia-south1/jobs/firebase-schedule-userRequestsTableCleanup-us-central1  
 
[debug] [2021-07-20T16:09:14.753Z] >>> HTTP REQUEST PATCH https://cloudfunctions.googleapis.com/v1/projects/gobble-b3dfa/locations/us-central1/functions/deleteUser {"updateMask":"name,sourceUploadUrl,entryPoint,runtime,httpsTrigger.securityLevel,labels,environmentVariables"} 
 {"name":"projects/gobble-b3dfa/locations/us-central1/functions/deleteUser","sourceUploadUrl":"https://storage.googleapis.com/gcf-upload-us-central1-fafe9c6b-c754-4340-88a2-4e3bdd5ba246/2066b3e7-eabe-4244-af4f-617877758cf6.zip?GoogleAccessId=service-816051198473@gcf-admin-robot.iam.gserviceaccount.com&Expires=1626799153&Signature=HKhInnRUvQEuAliHNUFNOJzTTcN3Vj03wCzxHD2nZogIUAVMUXImMi3LfXoHjsp35szK72HvahTs5jN8wWcanlDoFMpN7YOoE49%2Bhh0zSvSDyvg8XNy7GnyTbAQgNBryuI4MRWPuh9bshNaocjxveUlTznzySufcDSdnB0mVejpF8vDuA2pjBLHKec5dxy34pvN4QHU8Nsu8FjYdyYG8OQZyh%2B0e%2BFaHKVs72pv1%2B08NLSdajl91xdUHLD%2Bil7i9rsZSGBHZd0MGNatYow8SpLnF7623eofi1ic205qYiyuNuQQkTAOgyiI5FH4r5YTa9WSzeQj%2Fakr9QiJ628ViOA%3D%3D","entryPoint":"deleteUser","runtime":"nodejs14","httpsTrigger":{"securityLevel":"SECURE_OPTIONAL"},"labels":{"deployment-callable":"true","deployment-tool":"cli-firebase"},"environmentVariables":{"FIREBASE_CONFIG":"{\"projectId\":\"gobble-b3dfa\",\"databaseURL\":\"https://gobble-b3dfa-default-rtdb.asia-southeast1.firebasedatabase.app\",\"storageBucket\":\"gobble-b3dfa.appspot.com\",\"locationId\":\"asia-south1\"}"}}
[debug] [2021-07-20T16:09:14.884Z] <<< HTTP RESPONSE 200 {"content-type":"application/json; charset=UTF-8","vary":"X-Origin, Referer, Origin,Accept-Encoding","date":"Tue, 20 Jul 2021 16:09:14 GMT","server":"ESF","cache-control":"private","x-xss-protection":"0","x-frame-options":"SAMEORIGIN","x-content-type-options":"nosniff","alt-svc":"h3=\":443\"; ma=2592000,h3-29=\":443\"; ma=2592000,h3-T051=\":443\"; ma=2592000,h3-Q050=\":443\"; ma=2592000,h3-Q046=\":443\"; ma=2592000,h3-Q043=\":443\"; ma=2592000,quic=\":443\"; ma=2592000; v=\"46,43\"","accept-ranges":"none","transfer-encoding":"chunked"}
[debug] [2021-07-20T16:09:14.886Z] scheduler job firebase-schedule-userRequestsTableCleanup-us-central1 is up to date, no changes required
[info] +  functions[userRequestsTableCleanup(us-central1)]: Successful upsert schedule operation.  
[debug] [2021-07-20T16:09:14.892Z] <<< HTTP RESPONSE 200 {"content-type":"application/json; charset=UTF-8","vary":"X-Origin, Referer, Origin,Accept-Encoding","date":"Tue, 20 Jul 2021 16:09:14 GMT","server":"ESF","cache-control":"private","x-xss-protection":"0","x-frame-options":"SAMEORIGIN","x-content-type-options":"nosniff","alt-svc":"h3=\":443\"; ma=2592000,h3-29=\":443\"; ma=2592000,h3-T051=\":443\"; ma=2592000,h3-Q050=\":443\"; ma=2592000,h3-Q046=\":443\"; ma=2592000,h3-Q043=\":443\"; ma=2592000,quic=\":443\"; ma=2592000; v=\"46,43\"","accept-ranges":"none","transfer-encoding":"chunked"}
[debug] [2021-07-20T16:09:14.893Z] scheduler job firebase-schedule-periodicMatchFindingFunction-us-central1 is up to date, no changes required
[info] +  functions[periodicMatchFindingFunction(us-central1)]: Successful upsert schedule operation.  
[debug] [2021-07-20T16:09:14.930Z] <<< HTTP RESPONSE 200 {"content-type":"application/json; charset=UTF-8","vary":"X-Origin, Referer, Origin,Accept-Encoding","date":"Tue, 20 Jul 2021 16:09:14 GMT","server":"ESF","cache-control":"private","x-xss-protection":"0","x-frame-options":"SAMEORIGIN","x-content-type-options":"nosniff","alt-svc":"h3=\":443\"; ma=2592000,h3-29=\":443\"; ma=2592000,h3-T051=\":443\"; ma=2592000,h3-Q050=\":443\"; ma=2592000,h3-Q046=\":443\"; ma=2592000,h3-Q043=\":443\"; ma=2592000,quic=\":443\"; ma=2592000; v=\"46,43\"","accept-ranges":"none","transfer-encoding":"chunked"}
[debug] [2021-07-20T16:09:14.931Z] scheduler job firebase-schedule-schedulePendingCleanUpFunction-us-central1 is up to date, no changes required
[info] +  functions[schedulePendingCleanUpFunction(us-central1)]: Successful upsert schedule operation.  
[debug] [2021-07-20T16:09:15.069Z] <<< HTTP RESPONSE 200 {"content-type":"application/json; charset=UTF-8","vary":"X-Origin, Referer, Origin,Accept-Encoding","date":"Tue, 20 Jul 2021 16:09:14 GMT","server":"ESF","cache-control":"private","x-xss-protection":"0","x-frame-options":"SAMEORIGIN","x-content-type-options":"nosniff","alt-svc":"h3=\":443\"; ma=2592000,h3-29=\":443\"; ma=2592000,h3-T051=\":443\"; ma=2592000,h3-Q050=\":443\"; ma=2592000,h3-Q046=\":443\"; ma=2592000,h3-Q043=\":443\"; ma=2592000,quic=\":443\"; ma=2592000; v=\"46,43\"","accept-ranges":"none","transfer-encoding":"chunked"}
[debug] [2021-07-20T16:09:15.070Z] scheduler job firebase-schedule-scheduleAwaitingCleanUpFunction-us-central1 is up to date, no changes required
[info] +  functions[scheduleAwaitingCleanUpFunction(us-central1)]: Successful upsert schedule operation.  
[debug] [2021-07-20T16:09:15.275Z] <<< HTTP RESPONSE 200 {"content-type":"application/json; charset=UTF-8","vary":"X-Origin, Referer, Origin,Accept-Encoding","date":"Tue, 20 Jul 2021 16:09:14 GMT","server":"ESF","cache-control":"private","x-xss-protection":"0","x-frame-options":"SAMEORIGIN","x-content-type-options":"nosniff","alt-svc":"h3=\":443\"; ma=2592000,h3-29=\":443\"; ma=2592000,h3-T051=\":443\"; ma=2592000,h3-Q050=\":443\"; ma=2592000,h3-Q046=\":443\"; ma=2592000,h3-Q043=\":443\"; ma=2592000,quic=\":443\"; ma=2592000; v=\"46,43\"","accept-ranges":"none","transfer-encoding":"chunked"}
[debug] [2021-07-20T16:09:15.278Z] > refreshing access token with scopes: []
[debug] [2021-07-20T16:09:15.278Z] >>> HTTP REQUEST POST https://www.googleapis.com/oauth2/v3/token  
 <request body omitted>
[debug] [2021-07-20T16:09:15.323Z] <<< HTTP RESPONSE 200 {"cache-control":"no-cache, no-store, max-age=0, must-revalidate","pragma":"no-cache","date":"Tue, 20 Jul 2021 16:09:14 GMT","expires":"Mon, 01 Jan 1990 00:00:00 GMT","content-type":"application/json; charset=utf-8","vary":"X-Origin, Referer, Origin,Accept-Encoding","server":"scaffolding on HTTPServer2","x-xss-protection":"0","x-frame-options":"SAMEORIGIN","x-content-type-options":"nosniff","alt-svc":"h3=\":443\"; ma=2592000,h3-29=\":443\"; ma=2592000,h3-T051=\":443\"; ma=2592000,h3-Q050=\":443\"; ma=2592000,h3-Q046=\":443\"; ma=2592000,h3-Q043=\":443\"; ma=2592000,quic=\":443\"; ma=2592000; v=\"46,43\"","accept-ranges":"none","transfer-encoding":"chunked"}
[debug] [2021-07-20T16:09:15.409Z] >>> [apiv2][query] GET https://cloudfunctions.googleapis.com/v1/operations/Z29iYmxlLWIzZGZhL3VzLWNlbnRyYWwxL2RlbGV0ZVVzZXIveXoxeklYVlRIS0k [none]
[debug] [2021-07-20T16:09:15.882Z] <<< [apiv2][status] GET https://cloudfunctions.googleapis.com/v1/operations/Z29iYmxlLWIzZGZhL3VzLWNlbnRyYWwxL2RlbGV0ZVVzZXIveXoxeklYVlRIS0k 200
[debug] [2021-07-20T16:09:15.882Z] <<< [apiv2][body] GET https://cloudfunctions.googleapis.com/v1/operations/Z29iYmxlLWIzZGZhL3VzLWNlbnRyYWwxL2RlbGV0ZVVzZXIveXoxeklYVlRIS0k {"name":"operations/Z29iYmxlLWIzZGZhL3VzLWNlbnRyYWwxL2RlbGV0ZVVzZXIveXoxeklYVlRIS0k","metadata":{"@type":"type.googleapis.com/google.cloud.functions.v1.OperationMetadataV1","target":"projects/gobble-b3dfa/locations/us-central1/functions/deleteUser","type":"UPDATE_FUNCTION","request":{"@type":"type.googleapis.com/google.cloud.functions.v1.CloudFunction","name":"projects/gobble-b3dfa/locations/us-central1/functions/deleteUser","httpsTrigger":{"url":"https://us-central1-gobble-b3dfa.cloudfunctions.net/deleteUser","securityLevel":"SECURE_OPTIONAL"},"status":"ACTIVE","entryPoint":"deleteUser","timeout":"60s","availableMemoryMb":256,"serviceAccountEmail":"gobble-b3dfa@appspot.gserviceaccount.com","updateTime":"2021-07-20T14:52:09.003Z","versionId":"51","labels":{"deployment-callable":"true","deployment-tool":"cli-firebase"},"sourceUploadUrl":"https://storage.googleapis.com/gcf-upload-us-central1-fafe9c6b-c754-4340-88a2-4e3bdd5ba246/2066b3e7-eabe-4244-af4f-617877758cf6.zip?GoogleAccessId=service-816051198473@gcf-admin-robot.iam.gserviceaccount.com&Expires=1626799153&Signature=HKhInnRUvQEuAliHNUFNOJzTTcN3Vj03wCzxHD2nZogIUAVMUXImMi3LfXoHjsp35szK72HvahTs5jN8wWcanlDoFMpN7YOoE49%2Bhh0zSvSDyvg8XNy7GnyTbAQgNBryuI4MRWPuh9bshNaocjxveUlTznzySufcDSdnB0mVejpF8vDuA2pjBLHKec5dxy34pvN4QHU8Nsu8FjYdyYG8OQZyh%2B0e%2BFaHKVs72pv1%2B08NLSdajl91xdUHLD%2Bil7i9rsZSGBHZd0MGNatYow8SpLnF7623eofi1ic205qYiyuNuQQkTAOgyiI5FH4r5YTa9WSzeQj%2Fakr9QiJ628ViOA%3D%3D","environmentVariables":{"FIREBASE_CONFIG":"{\"projectId\":\"gobble-b3dfa\",\"databaseURL\":\"https://gobble-b3dfa-default-rtdb.asia-southeast1.firebasedatabase.app\",\"storageBucket\":\"gobble-b3dfa.appspot.com\",\"locationId\":\"asia-south1\"}"},"runtime":"nodejs14","ingressSettings":"ALLOW_ALL","buildId":"43b8434b-ae2f-4150-ad30-8f4716ed7977"},"versionId":"52","updateTime":"2021-07-20T16:09:14Z","buildName":"projects/816051198473/locations/us-central1/builds/43b8434b-ae2f-4150-ad30-8f4716ed7977"}}
[debug] [2021-07-20T16:09:16.394Z] [update-projects/gobble-b3dfa/locations/us-central1/functions/deleteUser] Retrying task index 0
[debug] [2021-07-20T16:09:16.395Z] >>> [apiv2][query] GET https://cloudfunctions.googleapis.com/v1/operations/Z29iYmxlLWIzZGZhL3VzLWNlbnRyYWwxL2RlbGV0ZVVzZXIveXoxeklYVlRIS0k [none]
[debug] [2021-07-20T16:09:16.743Z] <<< [apiv2][status] GET https://cloudfunctions.googleapis.com/v1/operations/Z29iYmxlLWIzZGZhL3VzLWNlbnRyYWwxL2RlbGV0ZVVzZXIveXoxeklYVlRIS0k 200
[debug] [2021-07-20T16:09:16.743Z] <<< [apiv2][body] GET https://cloudfunctions.googleapis.com/v1/operations/Z29iYmxlLWIzZGZhL3VzLWNlbnRyYWwxL2RlbGV0ZVVzZXIveXoxeklYVlRIS0k {"name":"operations/Z29iYmxlLWIzZGZhL3VzLWNlbnRyYWwxL2RlbGV0ZVVzZXIveXoxeklYVlRIS0k","metadata":{"@type":"type.googleapis.com/google.cloud.functions.v1.OperationMetadataV1","target":"projects/gobble-b3dfa/locations/us-central1/functions/deleteUser","type":"UPDATE_FUNCTION","request":{"@type":"type.googleapis.com/google.cloud.functions.v1.CloudFunction","name":"projects/gobble-b3dfa/locations/us-central1/functions/deleteUser","httpsTrigger":{"url":"https://us-central1-gobble-b3dfa.cloudfunctions.net/deleteUser","securityLevel":"SECURE_OPTIONAL"},"status":"ACTIVE","entryPoint":"deleteUser","timeout":"60s","availableMemoryMb":256,"serviceAccountEmail":"gobble-b3dfa@appspot.gserviceaccount.com","updateTime":"2021-07-20T14:52:09.003Z","versionId":"51","labels":{"deployment-callable":"true","deployment-tool":"cli-firebase"},"sourceUploadUrl":"https://storage.googleapis.com/gcf-upload-us-central1-fafe9c6b-c754-4340-88a2-4e3bdd5ba246/2066b3e7-eabe-4244-af4f-617877758cf6.zip?GoogleAccessId=service-816051198473@gcf-admin-robot.iam.gserviceaccount.com&Expires=1626799153&Signature=HKhInnRUvQEuAliHNUFNOJzTTcN3Vj03wCzxHD2nZogIUAVMUXImMi3LfXoHjsp35szK72HvahTs5jN8wWcanlDoFMpN7YOoE49%2Bhh0zSvSDyvg8XNy7GnyTbAQgNBryuI4MRWPuh9bshNaocjxveUlTznzySufcDSdnB0mVejpF8vDuA2pjBLHKec5dxy34pvN4QHU8Nsu8FjYdyYG8OQZyh%2B0e%2BFaHKVs72pv1%2B08NLSdajl91xdUHLD%2Bil7i9rsZSGBHZd0MGNatYow8SpLnF7623eofi1ic205qYiyuNuQQkTAOgyiI5FH4r5YTa9WSzeQj%2Fakr9QiJ628ViOA%3D%3D","environmentVariables":{"FIREBASE_CONFIG":"{\"projectId\":\"gobble-b3dfa\",\"databaseURL\":\"https://gobble-b3dfa-default-rtdb.asia-southeast1.firebasedatabase.app\",\"storageBucket\":\"gobble-b3dfa.appspot.com\",\"locationId\":\"asia-south1\"}"},"runtime":"nodejs14","ingressSettings":"ALLOW_ALL","buildId":"43b8434b-ae2f-4150-ad30-8f4716ed7977"},"versionId":"52","updateTime":"2021-07-20T16:09:14Z","buildId":"54ba6413-791a-4432-8329-de51a1b6fd4c","buildName":"projects/816051198473/locations/us-central1/builds/54ba6413-791a-4432-8329-de51a1b6fd4c"}}
[debug] [2021-07-20T16:09:17.751Z] [update-projects/gobble-b3dfa/locations/us-central1/functions/deleteUser] Retrying task index 0
[debug] [2021-07-20T16:09:17.752Z] >>> [apiv2][query] GET https://cloudfunctions.googleapis.com/v1/operations/Z29iYmxlLWIzZGZhL3VzLWNlbnRyYWwxL2RlbGV0ZVVzZXIveXoxeklYVlRIS0k [none]
[debug] [2021-07-20T16:09:18.129Z] <<< [apiv2][status] GET https://cloudfunctions.googleapis.com/v1/operations/Z29iYmxlLWIzZGZhL3VzLWNlbnRyYWwxL2RlbGV0ZVVzZXIveXoxeklYVlRIS0k 200
[debug] [2021-07-20T16:09:18.130Z] <<< [apiv2][body] GET https://cloudfunctions.googleapis.com/v1/operations/Z29iYmxlLWIzZGZhL3VzLWNlbnRyYWwxL2RlbGV0ZVVzZXIveXoxeklYVlRIS0k {"name":"operations/Z29iYmxlLWIzZGZhL3VzLWNlbnRyYWwxL2RlbGV0ZVVzZXIveXoxeklYVlRIS0k","metadata":{"@type":"type.googleapis.com/google.cloud.functions.v1.OperationMetadataV1","target":"projects/gobble-b3dfa/locations/us-central1/functions/deleteUser","type":"UPDATE_FUNCTION","request":{"@type":"type.googleapis.com/google.cloud.functions.v1.CloudFunction","name":"projects/gobble-b3dfa/locations/us-central1/functions/deleteUser","httpsTrigger":{"url":"https://us-central1-gobble-b3dfa.cloudfunctions.net/deleteUser","securityLevel":"SECURE_OPTIONAL"},"status":"ACTIVE","entryPoint":"deleteUser","timeout":"60s","availableMemoryMb":256,"serviceAccountEmail":"gobble-b3dfa@appspot.gserviceaccount.com","updateTime":"2021-07-20T14:52:09.003Z","versionId":"51","labels":{"deployment-callable":"true","deployment-tool":"cli-firebase"},"sourceUploadUrl":"https://storage.googleapis.com/gcf-upload-us-central1-fafe9c6b-c754-4340-88a2-4e3bdd5ba246/2066b3e7-eabe-4244-af4f-617877758cf6.zip?GoogleAccessId=service-816051198473@gcf-admin-robot.iam.gserviceaccount.com&Expires=1626799153&Signature=HKhInnRUvQEuAliHNUFNOJzTTcN3Vj03wCzxHD2nZogIUAVMUXImMi3LfXoHjsp35szK72HvahTs5jN8wWcanlDoFMpN7YOoE49%2Bhh0zSvSDyvg8XNy7GnyTbAQgNBryuI4MRWPuh9bshNaocjxveUlTznzySufcDSdnB0mVejpF8vDuA2pjBLHKec5dxy34pvN4QHU8Nsu8FjYdyYG8OQZyh%2B0e%2BFaHKVs72pv1%2B08NLSdajl91xdUHLD%2Bil7i9rsZSGBHZd0MGNatYow8SpLnF7623eofi1ic205qYiyuNuQQkTAOgyiI5FH4r5YTa9WSzeQj%2Fakr9QiJ628ViOA%3D%3D","environmentVariables":{"FIREBASE_CONFIG":"{\"projectId\":\"gobble-b3dfa\",\"databaseURL\":\"https://gobble-b3dfa-default-rtdb.asia-southeast1.firebasedatabase.app\",\"storageBucket\":\"gobble-b3dfa.appspot.com\",\"locationId\":\"asia-south1\"}"},"runtime":"nodejs14","ingressSettings":"ALLOW_ALL","buildId":"43b8434b-ae2f-4150-ad30-8f4716ed7977"},"versionId":"52","updateTime":"2021-07-20T16:09:14Z","buildId":"54ba6413-791a-4432-8329-de51a1b6fd4c","buildName":"projects/816051198473/locations/us-central1/builds/54ba6413-791a-4432-8329-de51a1b6fd4c"}}
[debug] [2021-07-20T16:09:20.133Z] [update-projects/gobble-b3dfa/locations/us-central1/functions/deleteUser] Retrying task index 0
[debug] [2021-07-20T16:09:20.136Z] >>> [apiv2][query] GET https://cloudfunctions.googleapis.com/v1/operations/Z29iYmxlLWIzZGZhL3VzLWNlbnRyYWwxL2RlbGV0ZVVzZXIveXoxeklYVlRIS0k [none]
[debug] [2021-07-20T16:09:20.579Z] <<< [apiv2][status] GET https://cloudfunctions.googleapis.com/v1/operations/Z29iYmxlLWIzZGZhL3VzLWNlbnRyYWwxL2RlbGV0ZVVzZXIveXoxeklYVlRIS0k 200
[debug] [2021-07-20T16:09:20.579Z] <<< [apiv2][body] GET https://cloudfunctions.googleapis.com/v1/operations/Z29iYmxlLWIzZGZhL3VzLWNlbnRyYWwxL2RlbGV0ZVVzZXIveXoxeklYVlRIS0k {"name":"operations/Z29iYmxlLWIzZGZhL3VzLWNlbnRyYWwxL2RlbGV0ZVVzZXIveXoxeklYVlRIS0k","metadata":{"@type":"type.googleapis.com/google.cloud.functions.v1.OperationMetadataV1","target":"projects/gobble-b3dfa/locations/us-central1/functions/deleteUser","type":"UPDATE_FUNCTION","request":{"@type":"type.googleapis.com/google.cloud.functions.v1.CloudFunction","name":"projects/gobble-b3dfa/locations/us-central1/functions/deleteUser","httpsTrigger":{"url":"https://us-central1-gobble-b3dfa.cloudfunctions.net/deleteUser","securityLevel":"SECURE_OPTIONAL"},"status":"ACTIVE","entryPoint":"deleteUser","timeout":"60s","availableMemoryMb":256,"serviceAccountEmail":"gobble-b3dfa@appspot.gserviceaccount.com","updateTime":"2021-07-20T14:52:09.003Z","versionId":"51","labels":{"deployment-callable":"true","deployment-tool":"cli-firebase"},"sourceUploadUrl":"https://storage.googleapis.com/gcf-upload-us-central1-fafe9c6b-c754-4340-88a2-4e3bdd5ba246/2066b3e7-eabe-4244-af4f-617877758cf6.zip?GoogleAccessId=service-816051198473@gcf-admin-robot.iam.gserviceaccount.com&Expires=1626799153&Signature=HKhInnRUvQEuAliHNUFNOJzTTcN3Vj03wCzxHD2nZogIUAVMUXImMi3LfXoHjsp35szK72HvahTs5jN8wWcanlDoFMpN7YOoE49%2Bhh0zSvSDyvg8XNy7GnyTbAQgNBryuI4MRWPuh9bshNaocjxveUlTznzySufcDSdnB0mVejpF8vDuA2pjBLHKec5dxy34pvN4QHU8Nsu8FjYdyYG8OQZyh%2B0e%2BFaHKVs72pv1%2B08NLSdajl91xdUHLD%2Bil7i9rsZSGBHZd0MGNatYow8SpLnF7623eofi1ic205qYiyuNuQQkTAOgyiI5FH4r5YTa9WSzeQj%2Fakr9QiJ628ViOA%3D%3D","environmentVariables":{"FIREBASE_CONFIG":"{\"projectId\":\"gobble-b3dfa\",\"databaseURL\":\"https://gobble-b3dfa-default-rtdb.asia-southeast1.firebasedatabase.app\",\"storageBucket\":\"gobble-b3dfa.appspot.com\",\"locationId\":\"asia-south1\"}"},"runtime":"nodejs14","ingressSettings":"ALLOW_ALL","buildId":"43b8434b-ae2f-4150-ad30-8f4716ed7977"},"versionId":"52","updateTime":"2021-07-20T16:09:14Z","buildId":"54ba6413-791a-4432-8329-de51a1b6fd4c","buildName":"projects/816051198473/locations/us-central1/builds/54ba6413-791a-4432-8329-de51a1b6fd4c"}}
[debug] [2021-07-20T16:09:24.583Z] [update-projects/gobble-b3dfa/locations/us-central1/functions/deleteUser] Retrying task index 0
[debug] [2021-07-20T16:09:24.584Z] >>> [apiv2][query] GET https://cloudfunctions.googleapis.com/v1/operations/Z29iYmxlLWIzZGZhL3VzLWNlbnRyYWwxL2RlbGV0ZVVzZXIveXoxeklYVlRIS0k [none]
[debug] [2021-07-20T16:09:25.086Z] <<< [apiv2][status] GET https://cloudfunctions.googleapis.com/v1/operations/Z29iYmxlLWIzZGZhL3VzLWNlbnRyYWwxL2RlbGV0ZVVzZXIveXoxeklYVlRIS0k 200
[debug] [2021-07-20T16:09:25.086Z] <<< [apiv2][body] GET https://cloudfunctions.googleapis.com/v1/operations/Z29iYmxlLWIzZGZhL3VzLWNlbnRyYWwxL2RlbGV0ZVVzZXIveXoxeklYVlRIS0k {"name":"operations/Z29iYmxlLWIzZGZhL3VzLWNlbnRyYWwxL2RlbGV0ZVVzZXIveXoxeklYVlRIS0k","metadata":{"@type":"type.googleapis.com/google.cloud.functions.v1.OperationMetadataV1","target":"projects/gobble-b3dfa/locations/us-central1/functions/deleteUser","type":"UPDATE_FUNCTION","request":{"@type":"type.googleapis.com/google.cloud.functions.v1.CloudFunction","name":"projects/gobble-b3dfa/locations/us-central1/functions/deleteUser","httpsTrigger":{"url":"https://us-central1-gobble-b3dfa.cloudfunctions.net/deleteUser","securityLevel":"SECURE_OPTIONAL"},"status":"ACTIVE","entryPoint":"deleteUser","timeout":"60s","availableMemoryMb":256,"serviceAccountEmail":"gobble-b3dfa@appspot.gserviceaccount.com","updateTime":"2021-07-20T14:52:09.003Z","versionId":"51","labels":{"deployment-callable":"true","deployment-tool":"cli-firebase"},"sourceUploadUrl":"https://storage.googleapis.com/gcf-upload-us-central1-fafe9c6b-c754-4340-88a2-4e3bdd5ba246/2066b3e7-eabe-4244-af4f-617877758cf6.zip?GoogleAccessId=service-816051198473@gcf-admin-robot.iam.gserviceaccount.com&Expires=1626799153&Signature=HKhInnRUvQEuAliHNUFNOJzTTcN3Vj03wCzxHD2nZogIUAVMUXImMi3LfXoHjsp35szK72HvahTs5jN8wWcanlDoFMpN7YOoE49%2Bhh0zSvSDyvg8XNy7GnyTbAQgNBryuI4MRWPuh9bshNaocjxveUlTznzySufcDSdnB0mVejpF8vDuA2pjBLHKec5dxy34pvN4QHU8Nsu8FjYdyYG8OQZyh%2B0e%2BFaHKVs72pv1%2B08NLSdajl91xdUHLD%2Bil7i9rsZSGBHZd0MGNatYow8SpLnF7623eofi1ic205qYiyuNuQQkTAOgyiI5FH4r5YTa9WSzeQj%2Fakr9QiJ628ViOA%3D%3D","environmentVariables":{"FIREBASE_CONFIG":"{\"projectId\":\"gobble-b3dfa\",\"databaseURL\":\"https://gobble-b3dfa-default-rtdb.asia-southeast1.firebasedatabase.app\",\"storageBucket\":\"gobble-b3dfa.appspot.com\",\"locationId\":\"asia-south1\"}"},"runtime":"nodejs14","ingressSettings":"ALLOW_ALL","buildId":"43b8434b-ae2f-4150-ad30-8f4716ed7977"},"versionId":"52","updateTime":"2021-07-20T16:09:14Z","buildId":"54ba6413-791a-4432-8329-de51a1b6fd4c","buildName":"projects/816051198473/locations/us-central1/builds/54ba6413-791a-4432-8329-de51a1b6fd4c"}}
